<?xml version="1.0" encoding="UTF-8"?>
<testng-results ignored="0" total="1" passed="1" failed="0" skipped="0">
  <reporter-output>
  </reporter-output>
  <suite started-at="2023-01-26T23:30:12 IST" name="Default suite" finished-at="2023-01-26T23:30:14 IST" duration-ms="2170">
    <groups>
    </groups>
    <test started-at="2023-01-26T23:30:12 IST" name="Default test" finished-at="2023-01-26T23:30:14 IST" duration-ms="2170">
      <class name="typesofpostrequest.PostReqUsingExternalJSON">
        <test-method signature="externalJSON()[pri:0, instance:typesofpostrequest.PostReqUsingExternalJSON@29215f06]" started-at="2023-01-26T23:30:12 IST" name="externalJSON" finished-at="2023-01-26T23:30:14 IST" duration-ms="2108" status="PASS">
          <reporter-output>
          </reporter-output>
        </test-method> <!-- externalJSON -->
      </class> <!-- typesofpostrequest.PostReqUsingExternalJSON -->
    </test> <!-- Default test -->
  </suite> <!-- Default suite -->
</testng-results>
